PowerPlay Power Analyzer report for RAM2E
Fri May 22 18:35:29 2020
Quartus II 32-bit Version 13.0.1 Build 232 06/12/2013 Service Pack 1 SJ Web Edition


---------------------
; Table of Contents ;
---------------------
  1. Legal Notice
  2. PowerPlay Power Analyzer Summary
  3. PowerPlay Power Analyzer Settings
  4. PowerPlay Power Analyzer Messages



----------------
; Legal Notice ;
----------------
Copyright (C) 1991-2013 Altera Corporation
Your use of Altera Corporation's design tools, logic functions 
and other software and tools, and its AMPP partner logic 
functions, and any output files from any of the foregoing 
(including device programming or simulation files), and any 
associated documentation or information are expressly subject 
to the terms and conditions of the Altera Program License 
Subscription Agreement, Altera MegaCore Function License 
Agreement, or other applicable license agreement, including, 
without limitation, that your use is for the sole purpose of 
programming logic devices manufactured by Altera and sold by 
Altera or its authorized distributors.  Please refer to the 
applicable agreement for further details.



+-----------------------------------------------------------------------------------+
; PowerPlay Power Analyzer Summary                                                  ;
+---------------------------------+-------------------------------------------------+
; PowerPlay Power Analyzer Status ; Failed - Fri May 22 18:35:29 2020               ;
; Quartus II 32-bit Version       ; 13.0.1 Build 232 06/12/2013 SP 1 SJ Web Edition ;
; Revision Name                   ; RAM2E                                           ;
; Top-level Entity Name           ; RAM2E                                           ;
; Family                          ; MAX II                                          ;
; Device                          ; EPM240T100C5                                    ;
+---------------------------------+-------------------------------------------------+


+--------------------------------------------------------------------------------------------------------------------------+
; PowerPlay Power Analyzer Settings                                                                                        ;
+----------------------------------------------------------------------------+-----------------------------+---------------+
; Option                                                                     ; Setting                     ; Default Value ;
+----------------------------------------------------------------------------+-----------------------------+---------------+
; Use smart compilation                                                      ; Off                         ; Off           ;
; Enable parallel Assembler and TimeQuest Timing Analyzer during compilation ; On                          ; On            ;
; Enable compact report table                                                ; Off                         ; Off           ;
; Default Power Input I/O Toggle Rate                                        ; 12.5%                       ; 12.5%         ;
; External Supply Voltage Applied to Voltage Regulator                       ; 3.3V                        ;               ;
; Preset Cooling Solution                                                    ; No Heat Sink With Still Air ;               ;
; Default Power Toggle Rate                                                  ; 12.5%                       ; 12.5%         ;
; Use vectorless estimation                                                  ; On                          ; On            ;
; Use Input Files                                                            ; Off                         ; Off           ;
; Filter Glitches in VCD File Reader                                         ; On                          ; On            ;
; Power Analyzer Report Signal Activity                                      ; Off                         ; Off           ;
; Power Analyzer Report Power Dissipation                                    ; Off                         ; Off           ;
; Device Power Characteristics                                               ; TYPICAL                     ; TYPICAL       ;
; Automatically Compute Junction Temperature                                 ; On                          ; On            ;
; Specified Junction Temperature                                             ; 25                          ; 25            ;
; Ambient Temperature                                                        ; 25                          ; 25            ;
; Use Custom Cooling Solution                                                ; Off                         ; Off           ;
; Enable HPS                                                                 ; Off                         ; Off           ;
; Processor Frequency                                                        ; 0.0                         ; 0.0           ;
+----------------------------------------------------------------------------+-----------------------------+---------------+


+-----------------------------------+
; PowerPlay Power Analyzer Messages ;
+-----------------------------------+
Info: *******************************************************************
Info: Running Quartus II 32-bit PowerPlay Power Analyzer
    Info: Version 13.0.1 Build 232 06/12/2013 Service Pack 1 SJ Web Edition
    Info: Processing started: Fri May 22 18:35:27 2020
Info: Command: quartus_pow --read_settings_files=off --write_settings_files=off RAM2E -c RAM2E
Error (215048): PowerPlay Power Analyzer (quartus_pow) cannot be run.  The required timing data is not available.  Run TimeQuest Timing Analyzer (quartus_sta).
Error: Quartus II 32-bit PowerPlay Power Analyzer was unsuccessful. 1 error, 0 warnings
    Error: Peak virtual memory: 267 megabytes
    Error: Processing ended: Fri May 22 18:35:29 2020
    Error: Elapsed time: 00:00:02
    Error: Total CPU time (on all processors): 00:00:02


