Flow report for RAM2E
Wed Sep 16 19:34:51 2020
Quartus II 64-Bit Version 13.0.1 Build 232 06/12/2013 Service Pack 1 SJ Web Edition


---------------------
; Table of Contents ;
---------------------
  1. Legal Notice
  2. Flow Summary
  3. Flow Settings
  4. Flow Non-Default Global Settings
  5. Flow Elapsed Time
  6. Flow OS Summary
  7. Flow Log
  8. Flow Messages
  9. Flow Suppressed Messages



----------------
; Legal Notice ;
----------------
Copyright (C) 1991-2013 Altera Corporation
Your use of Altera Corporation's design tools, logic functions 
and other software and tools, and its AMPP partner logic 
functions, and any output files from any of the foregoing 
(including device programming or simulation files), and any 
associated documentation or information are expressly subject 
to the terms and conditions of the Altera Program License 
Subscription Agreement, Altera MegaCore Function License 
Agreement, or other applicable license agreement, including, 
without limitation, that your use is for the sole purpose of 
programming logic devices manufactured by Altera and sold by 
Altera or its authorized distributors.  Please refer to the 
applicable agreement for further details.



+-----------------------------------------------------------------------------+
; Flow Summary                                                                ;
+---------------------------+-------------------------------------------------+
; Flow Status               ; Successful - Wed Sep 16 19:34:49 2020           ;
; Quartus II 64-Bit Version ; 13.0.1 Build 232 06/12/2013 SP 1 SJ Web Edition ;
; Revision Name             ; RAM2E                                           ;
; Top-level Entity Name     ; RAM2E                                           ;
; Family                    ; MAX V                                           ;
; Device                    ; 5M240ZT100C5                                    ;
; Timing Models             ; Final                                           ;
; Total logic elements      ; 199 / 240 ( 83 % )                              ;
; Total pins                ; 69 / 79 ( 87 % )                                ;
; Total virtual pins        ; 0                                               ;
; UFM blocks                ; 1 / 1 ( 100 % )                                 ;
+---------------------------+-------------------------------------------------+


+-----------------------------------------+
; Flow Settings                           ;
+-------------------+---------------------+
; Option            ; Setting             ;
+-------------------+---------------------+
; Start date & time ; 09/16/2020 19:34:45 ;
; Main task         ; Compilation         ;
; Revision Name     ; RAM2E               ;
+-------------------+---------------------+


+-----------------------------------------------------------------------------------------------------------------+
; Flow Non-Default Global Settings                                                                                ;
+------------------------------------+---------------------------------+---------------+-------------+------------+
; Assignment Name                    ; Value                           ; Default Value ; Entity Name ; Section Id ;
+------------------------------------+---------------------------------+---------------+-------------+------------+
; ALLOW_POWER_UP_DONT_CARE           ; Off                             ; On            ; --          ; --         ;
; COMPILER_SIGNATURE_ID              ; 207120313862967.160029928511600 ; --            ; --          ; --         ;
; FITTER_EFFORT                      ; Standard Fit                    ; Auto Fit      ; --          ; --         ;
; IP_TOOL_NAME                       ; ALTUFM_NONE                     ; --            ; --          ; --         ;
; IP_TOOL_VERSION                    ; 13.0                            ; --            ; --          ; --         ;
; MAX_CORE_JUNCTION_TEMP             ; 85                              ; --            ; --          ; --         ;
; MIN_CORE_JUNCTION_TEMP             ; 0                               ; --            ; --          ; --         ;
; OPTIMIZE_MULTI_CORNER_TIMING       ; On                              ; Off           ; --          ; --         ;
; PARALLEL_SYNTHESIS                 ; Off                             ; On            ; --          ; --         ;
; POWER_DEFAULT_INPUT_IO_TOGGLE_RATE ; 12.5 %                          ; 12.5%         ; --          ; --         ;
; POWER_PRESET_COOLING_SOLUTION      ; No Heat Sink With Still Air     ; --            ; --          ; --         ;
; PROJECT_OUTPUT_DIRECTORY           ; output_files                    ; --            ; --          ; --         ;
; SAFE_STATE_MACHINE                 ; On                              ; Off           ; --          ; --         ;
; SYNTH_MESSAGE_LEVEL                ; High                            ; Medium        ; --          ; --         ;
; SYNTH_TIMING_DRIVEN_SYNTHESIS      ; Off                             ; --            ; --          ; --         ;
+------------------------------------+---------------------------------+---------------+-------------+------------+


+-------------------------------------------------------------------------------------------------------------------------------+
; Flow Elapsed Time                                                                                                             ;
+---------------------------+--------------+-------------------------+---------------------+------------------------------------+
; Module Name               ; Elapsed Time ; Average Processors Used ; Peak Virtual Memory ; Total CPU Time (on all processors) ;
+---------------------------+--------------+-------------------------+---------------------+------------------------------------+
; Analysis & Synthesis      ; 00:00:00     ; 1.0                     ; 4575 MB             ; 00:00:01                           ;
; Fitter                    ; 00:00:02     ; 1.0                     ; 4767 MB             ; 00:00:01                           ;
; Assembler                 ; 00:00:00     ; 1.0                     ; 4524 MB             ; 00:00:00                           ;
; TimeQuest Timing Analyzer ; 00:00:01     ; 1.0                     ; 4522 MB             ; 00:00:01                           ;
; Total                     ; 00:00:03     ; --                      ; --                  ; 00:00:03                           ;
+---------------------------+--------------+-------------------------+---------------------+------------------------------------+


+----------------------------------------------------------------------------------------+
; Flow OS Summary                                                                        ;
+---------------------------+------------------+-----------+------------+----------------+
; Module Name               ; Machine Hostname ; OS Name   ; OS Version ; Processor type ;
+---------------------------+------------------+-----------+------------+----------------+
; Analysis & Synthesis      ; DESKTOP-G62HNQS  ; Windows 7 ; 6.2        ; x86_64         ;
; Fitter                    ; DESKTOP-G62HNQS  ; Windows 7 ; 6.2        ; x86_64         ;
; Assembler                 ; DESKTOP-G62HNQS  ; Windows 7 ; 6.2        ; x86_64         ;
; TimeQuest Timing Analyzer ; DESKTOP-G62HNQS  ; Windows 7 ; 6.2        ; x86_64         ;
+---------------------------+------------------+-----------+------------+----------------+


------------
; Flow Log ;
------------
quartus_map --read_settings_files=on --write_settings_files=off RAM2E -c RAM2E
quartus_fit --read_settings_files=off --write_settings_files=off RAM2E -c RAM2E
quartus_asm --read_settings_files=off --write_settings_files=off RAM2E -c RAM2E
quartus_sta RAM2E -c RAM2E



