Flow report for RAM2E
Thu Jan 28 14:37:23 2021
Quartus II 64-Bit Version 13.0.1 Build 232 06/12/2013 Service Pack 1 SJ Web Edition


---------------------
; Table of Contents ;
---------------------
  1. Legal Notice
  2. Flow Summary
  3. Flow Settings
  4. Flow Non-Default Global Settings
  5. Flow Elapsed Time
  6. Flow OS Summary
  7. Flow Log
  8. Flow Messages
  9. Flow Suppressed Messages



----------------
; Legal Notice ;
----------------
Copyright (C) 1991-2013 Altera Corporation
Your use of Altera Corporation's design tools, logic functions 
and other software and tools, and its AMPP partner logic 
functions, and any output files from any of the foregoing 
(including device programming or simulation files), and any 
associated documentation or information are expressly subject 
to the terms and conditions of the Altera Program License 
Subscription Agreement, Altera MegaCore Function License 
Agreement, or other applicable license agreement, including, 
without limitation, that your use is for the sole purpose of 
programming logic devices manufactured by Altera and sold by 
Altera or its authorized distributors.  Please refer to the 
applicable agreement for further details.



+-----------------------------------------------------------------------------+
; Flow Summary                                                                ;
+---------------------------+-------------------------------------------------+
; Flow Status               ; Successful - Thu Jan 28 14:37:20 2021           ;
; Quartus II 64-Bit Version ; 13.0.1 Build 232 06/12/2013 SP 1 SJ Web Edition ;
; Revision Name             ; RAM2E                                           ;
; Top-level Entity Name     ; RAM2E                                           ;
; Family                    ; MAX II                                          ;
; Device                    ; EPM240T100C5                                    ;
; Timing Models             ; Final                                           ;
; Total logic elements      ; 189 / 240 ( 79 % )                              ;
; Total pins                ; 69 / 80 ( 86 % )                                ;
; Total virtual pins        ; 0                                               ;
; UFM blocks                ; 1 / 1 ( 100 % )                                 ;
+---------------------------+-------------------------------------------------+


+-----------------------------------------+
; Flow Settings                           ;
+-------------------+---------------------+
; Option            ; Setting             ;
+-------------------+---------------------+
; Start date & time ; 01/28/2021 14:37:13 ;
; Main task         ; Compilation         ;
; Revision Name     ; RAM2E               ;
+-------------------+---------------------+


+----------------------------------------------------------------------------------------------------------------+
; Flow Non-Default Global Settings                                                                               ;
+------------------------------------+--------------------------------+---------------+-------------+------------+
; Assignment Name                    ; Value                          ; Default Value ; Entity Name ; Section Id ;
+------------------------------------+--------------------------------+---------------+-------------+------------+
; ALLOW_POWER_UP_DONT_CARE           ; Off                            ; On            ; --          ; --         ;
; COMPILER_SIGNATURE_ID              ; 10995770589203.161186263308136 ; --            ; --          ; --         ;
; FITTER_EFFORT                      ; Standard Fit                   ; Auto Fit      ; --          ; --         ;
; IP_TOOL_NAME                       ; ALTUFM_NONE                    ; --            ; --          ; --         ;
; IP_TOOL_VERSION                    ; 13.0                           ; --            ; --          ; --         ;
; MAX_CORE_JUNCTION_TEMP             ; 85                             ; --            ; --          ; --         ;
; MIN_CORE_JUNCTION_TEMP             ; 0                              ; --            ; --          ; --         ;
; OPTIMIZE_MULTI_CORNER_TIMING       ; On                             ; Off           ; --          ; --         ;
; PARALLEL_SYNTHESIS                 ; Off                            ; On            ; --          ; --         ;
; POWER_DEFAULT_INPUT_IO_TOGGLE_RATE ; 12.5 %                         ; 12.5%         ; --          ; --         ;
; POWER_PRESET_COOLING_SOLUTION      ; No Heat Sink With Still Air    ; --            ; --          ; --         ;
; PROJECT_OUTPUT_DIRECTORY           ; output_files                   ; --            ; --          ; --         ;
; SAFE_STATE_MACHINE                 ; On                             ; Off           ; --          ; --         ;
; SYNTH_MESSAGE_LEVEL                ; High                           ; Medium        ; --          ; --         ;
; SYNTH_TIMING_DRIVEN_SYNTHESIS      ; Off                            ; --            ; --          ; --         ;
+------------------------------------+--------------------------------+---------------+-------------+------------+


+-------------------------------------------------------------------------------------------------------------------------------+
; Flow Elapsed Time                                                                                                             ;
+---------------------------+--------------+-------------------------+---------------------+------------------------------------+
; Module Name               ; Elapsed Time ; Average Processors Used ; Peak Virtual Memory ; Total CPU Time (on all processors) ;
+---------------------------+--------------+-------------------------+---------------------+------------------------------------+
; Analysis & Synthesis      ; 00:00:02     ; 1.0                     ; 4566 MB             ; 00:00:02                           ;
; Fitter                    ; 00:00:03     ; 1.0                     ; 4758 MB             ; 00:00:03                           ;
; Assembler                 ; 00:00:01     ; 1.0                     ; 4515 MB             ; 00:00:01                           ;
; TimeQuest Timing Analyzer ; 00:00:02     ; 1.0                     ; 4513 MB             ; 00:00:02                           ;
; Total                     ; 00:00:08     ; --                      ; --                  ; 00:00:08                           ;
+---------------------------+--------------+-------------------------+---------------------+------------------------------------+


+----------------------------------------------------------------------------------------+
; Flow OS Summary                                                                        ;
+---------------------------+------------------+-----------+------------+----------------+
; Module Name               ; Machine Hostname ; OS Name   ; OS Version ; Processor type ;
+---------------------------+------------------+-----------+------------+----------------+
; Analysis & Synthesis      ; DESKTOP-DG54GN4  ; Windows 7 ; 6.2        ; x86_64         ;
; Fitter                    ; DESKTOP-DG54GN4  ; Windows 7 ; 6.2        ; x86_64         ;
; Assembler                 ; DESKTOP-DG54GN4  ; Windows 7 ; 6.2        ; x86_64         ;
; TimeQuest Timing Analyzer ; DESKTOP-DG54GN4  ; Windows 7 ; 6.2        ; x86_64         ;
+---------------------------+------------------+-----------+------------+----------------+


------------
; Flow Log ;
------------
quartus_map --read_settings_files=on --write_settings_files=off RAM2E -c RAM2E
quartus_fit --read_settings_files=off --write_settings_files=off RAM2E -c RAM2E
quartus_asm --read_settings_files=off --write_settings_files=off RAM2E -c RAM2E
quartus_sta RAM2E -c RAM2E



